#
# There is insufficient memory for the Java Runtime Environment to continue.
# Native memory allocation (mmap) failed to map 100663296 bytes. Error detail: G1 virtual space
# Possible reasons:
#   The system is out of physical RAM or swap space
#   This process is running with CompressedOops enabled, and the Java Heap may be blocking the growth of the native heap
# Possible solutions:
#   Reduce memory load on the system
#   Increase physical memory or swap space
#   Check if swap backing store is full
#   Decrease Java heap size (-Xmx/-Xms)
#   Decrease number of Java threads
#   Decrease Java thread stack sizes (-Xss)
#   Set larger code cache with -XX:ReservedCodeCacheSize=
#   JVM is running with Unscaled Compressed Oops mode in which the Java heap is
#     placed in the first 4GB address space. The Java Heap base address is the
#     maximum limit for the native heap growth. Please use -XX:HeapBaseMinAddress
#     to set the Java Heap base and to place the Java Heap above 4GB virtual address.
# This output file may be truncated or incomplete.
#
#  Out of Memory Error (os_windows.cpp:3613), pid=8176, tid=15464
#
# JRE version:  (17.0.11+9) (build )
# Java VM: OpenJDK 64-Bit Server VM (17.0.11+9-LTS, mixed mode, sharing, tiered, compressed oops, compressed class ptrs, g1 gc, windows-amd64)
# No core dump will be written. Minidumps are not enabled by default on client versions of Windows
#

---------------  S U M M A R Y ------------

Command Line: com.google.prefab.cli.AppKt --build-system cmake --platform android --abi arm64-v8a --os-version 23 --stl c++_shared --ndk-version 26 --output C:\\Users\\naufa\\AppData\\Local\\Temp\\agp-prefab-staging13674105644645381857\\staged-cli-output C:\\Users\\naufa\\.gradle\\caches\\transforms-4\\716f968cc1e5225035406d1e56ec874f\\transformed\\jetified-react-android-0.74.2-debug\\prefab C:\\Users\\naufa\\.gradle\\caches\\transforms-4\\c7e26f7d3c2fc1a6636ff1467fc77795\\transformed\\jetified-fbjni-0.6.0\\prefab C:\\Users\\naufa\\.gradle\\caches\\transforms-4\\5f7281d6477ab96878ec36c791b9af0e\\transformed\\jetified-hermes-android-0.74.2-debug\\prefab

Host: AMD Ryzen 3 3250U with Radeon Graphics         , 4 cores, 5G,  Windows 11 , 64 bit Build 22621 (10.0.22621.3672)
Time: Thu Jul  4 02:20:43 2024 SE Asia Standard Time elapsed time: 0.196491 seconds (0d 0h 0m 0s)

---------------  T H R E A D  ---------------

Current thread (0x000001640da92440):  JavaThread "Unknown thread" [_thread_in_vm, id=15464, stack(0x0000003779800000,0x0000003779900000)]

Stack: [0x0000003779800000,0x0000003779900000]
Native frames: (J=compiled Java code, j=interpreted, Vv=VM code, C=native code)
V  [jvm.dll+0x67f6d9]
V  [jvm.dll+0x83773a]
V  [jvm.dll+0x8391fe]
V  [jvm.dll+0x839863]
V  [jvm.dll+0x247fbf]
V  [jvm.dll+0x67c519]
V  [jvm.dll+0x670f8a]
V  [jvm.dll+0x309bdb]
V  [jvm.dll+0x311086]
V  [jvm.dll+0x360a6e]
V  [jvm.dll+0x360c9f]
V  [jvm.dll+0x2e0928]
V  [jvm.dll+0x2e1894]
V  [jvm.dll+0x8090e1]
V  [jvm.dll+0x36e7c1]
V  [jvm.dll+0x7e7b06]
V  [jvm.dll+0x3f202f]
V  [jvm.dll+0x3f3b81]
C  [jli.dll+0x528f]
C  [ucrtbase.dll+0x29333]
C  [KERNEL32.DLL+0x1257d]
C  [ntdll.dll+0x5af28]


---------------  P R O C E S S  ---------------

Threads class SMR info:
_java_thread_list=0x00007ffec4a72f18, length=0, elements={
}

Java Threads: ( => current thread )

Other Threads:
  0x000001640dadd3a0 GCTaskThread "GC Thread#0" [stack: 0x0000003779900000,0x0000003779a00000] [id=12232]
  0x000001640daea0f0 ConcurrentGCThread "G1 Main Marker" [stack: 0x0000003779a00000,0x0000003779b00000] [id=20356]
  0x000001640daeab10 ConcurrentGCThread "G1 Conc#0" [stack: 0x0000003779b00000,0x0000003779c00000] [id=15400]

[error occurred during error reporting (printing all threads), id 0xc0000005, EXCEPTION_ACCESS_VIOLATION (0xc0000005) at pc=0x00007ffec4231367]

VM state: not at safepoint (not fully initialized)

VM Mutex/Monitor currently owned by a thread:  ([mutex/lock_event])
[0x000001640da8b9a0] Heap_lock - owner thread: 0x000001640da92440

Heap address: 0x00000000a1000000, size: 1520 MB, Compressed Oops mode: 32-bit

CDS archive(s) mapped at: [0x0000000000000000-0x0000000000000000-0x0000000000000000), size 0, SharedBaseAddress: 0x0000000800000000, ArchiveRelocationMode: 1.
Narrow klass base: 0x0000000000000000, Narrow klass shift: 0, Narrow klass range: 0x0

GC Precious Log:
<Empty>

Heap:
 garbage-first heap   total 0K, used 0K [0x00000000a1000000, 0x0000000100000000)
  region size 1024K, 0 young (0K), 0 survivors (0K)

[error occurred during error reporting (printing heap information), id 0xc0000005, EXCEPTION_ACCESS_VIOLATION (0xc0000005) at pc=0x00007ffec4619a59]

GC Heap History (0 events):
No events

Dll operation events (1 events):
Event: 0.025 Loaded shared library C:\Program Files\Microsoft\jdk-17.0.11.9-hotspot\bin\java.dll

Deoptimization events (0 events):
No events

Classes unloaded (0 events):
No events

Classes redefined (0 events):
No events

Internal exceptions (0 events):
No events

VM Operations (0 events):
No events

Events (0 events):
No events


Dynamic libraries:
0x00007ff7a3160000 - 0x00007ff7a316e000 	C:\Program Files\Microsoft\jdk-17.0.11.9-hotspot\bin\java.exe
0x00007fff47bf0000 - 0x00007fff47e07000 	C:\WINDOWS\SYSTEM32\ntdll.dll
0x00007fff478b0000 - 0x00007fff47974000 	C:\WINDOWS\System32\KERNEL32.DLL
0x00007fff45130000 - 0x00007fff454dc000 	C:\WINDOWS\System32\KERNELBASE.dll
0x00007fff44f20000 - 0x00007fff45031000 	C:\WINDOWS\System32\ucrtbase.dll
0x00007fff2ae50000 - 0x00007fff2ae67000 	C:\Program Files\Microsoft\jdk-17.0.11.9-hotspot\bin\jli.dll
0x00007fff47700000 - 0x00007fff478ae000 	C:\WINDOWS\System32\USER32.dll
0x00007fff45040000 - 0x00007fff45066000 	C:\WINDOWS\System32\win32u.dll
0x00007fff46b10000 - 0x00007fff46b39000 	C:\WINDOWS\System32\GDI32.dll
0x00007fff45810000 - 0x00007fff45929000 	C:\WINDOWS\System32\gdi32full.dll
0x00007fff45770000 - 0x00007fff4580a000 	C:\WINDOWS\System32\msvcp_win.dll
0x00007fff32510000 - 0x00007fff3252b000 	C:\Program Files\Microsoft\jdk-17.0.11.9-hotspot\bin\VCRUNTIME140.dll
0x00007fff2d340000 - 0x00007fff2d5d3000 	C:\WINDOWS\WinSxS\amd64_microsoft.windows.common-controls_6595b64144ccf1df_6.0.22621.3672_none_2713b9d173822955\COMCTL32.dll
0x00007fff45db0000 - 0x00007fff45e57000 	C:\WINDOWS\System32\msvcrt.dll
0x00007fff460b0000 - 0x00007fff460e1000 	C:\WINDOWS\System32\IMM32.DLL
0x00007fff3c3f0000 - 0x00007fff3c3fc000 	C:\Program Files\Microsoft\jdk-17.0.11.9-hotspot\bin\vcruntime140_1.dll
0x00007fff0fad0000 - 0x00007fff0fb5d000 	C:\Program Files\Microsoft\jdk-17.0.11.9-hotspot\bin\msvcp140.dll
0x00007ffec3f40000 - 0x00007ffec4ba6000 	C:\Program Files\Microsoft\jdk-17.0.11.9-hotspot\bin\server\jvm.dll
0x00007fff47110000 - 0x00007fff471c2000 	C:\WINDOWS\System32\ADVAPI32.dll
0x00007fff47a90000 - 0x00007fff47b3a000 	C:\WINDOWS\System32\sechost.dll
0x00007fff45740000 - 0x00007fff45768000 	C:\WINDOWS\System32\bcrypt.dll
0x00007fff45f90000 - 0x00007fff460a5000 	C:\WINDOWS\System32\RPCRT4.dll
0x00007fff44de0000 - 0x00007fff44e2d000 	C:\WINDOWS\SYSTEM32\POWRPROF.dll
0x00007fff283d0000 - 0x00007fff283d9000 	C:\WINDOWS\SYSTEM32\WSOCK32.dll
0x00007fff47990000 - 0x00007fff47a01000 	C:\WINDOWS\System32\WS2_32.dll
0x00007fff3f020000 - 0x00007fff3f054000 	C:\WINDOWS\SYSTEM32\WINMM.dll
0x00007fff3c360000 - 0x00007fff3c36a000 	C:\WINDOWS\SYSTEM32\VERSION.dll
0x00007fff44dc0000 - 0x00007fff44dd3000 	C:\WINDOWS\SYSTEM32\UMPDC.dll
0x00007fff43f20000 - 0x00007fff43f38000 	C:\WINDOWS\SYSTEM32\kernel.appcore.dll
0x00007fff3a030000 - 0x00007fff3a03a000 	C:\Program Files\Microsoft\jdk-17.0.11.9-hotspot\bin\jimage.dll
0x00007fff42a80000 - 0x00007fff42cb2000 	C:\WINDOWS\SYSTEM32\DBGHELP.DLL
0x00007fff46b40000 - 0x00007fff46ec8000 	C:\WINDOWS\System32\combase.dll
0x00007fff46ed0000 - 0x00007fff46fa7000 	C:\WINDOWS\System32\OLEAUT32.dll
0x00007fff3d490000 - 0x00007fff3d4c2000 	C:\WINDOWS\SYSTEM32\dbgcore.DLL
0x00007fff456c0000 - 0x00007fff4573b000 	C:\WINDOWS\System32\bcryptPrimitives.dll
0x00007fff23390000 - 0x00007fff233b5000 	C:\Program Files\Microsoft\jdk-17.0.11.9-hotspot\bin\java.dll

dbghelp: loaded successfully - version: 4.0.5 - missing functions: none
symbol engine: initialized successfully - sym options: 0x614 - pdb path: .;C:\Program Files\Microsoft\jdk-17.0.11.9-hotspot\bin;C:\WINDOWS\SYSTEM32;C:\WINDOWS\WinSxS\amd64_microsoft.windows.common-controls_6595b64144ccf1df_6.0.22621.3672_none_2713b9d173822955;C:\Program Files\Microsoft\jdk-17.0.11.9-hotspot\bin\server

VM Arguments:
java_command: com.google.prefab.cli.AppKt --build-system cmake --platform android --abi arm64-v8a --os-version 23 --stl c++_shared --ndk-version 26 --output C:\\Users\\naufa\\AppData\\Local\\Temp\\agp-prefab-staging13674105644645381857\\staged-cli-output C:\\Users\\naufa\\.gradle\\caches\\transforms-4\\716f968cc1e5225035406d1e56ec874f\\transformed\\jetified-react-android-0.74.2-debug\\prefab C:\\Users\\naufa\\.gradle\\caches\\transforms-4\\c7e26f7d3c2fc1a6636ff1467fc77795\\transformed\\jetified-fbjni-0.6.0\\prefab C:\\Users\\naufa\\.gradle\\caches\\transforms-4\\5f7281d6477ab96878ec36c791b9af0e\\transformed\\jetified-hermes-android-0.74.2-debug\\prefab
java_class_path (initial): C:\\Users\\naufa\\.gradle\\caches\\modules-2\\files-2.1\\com.google.prefab\\cli\\2.0.0\\f2702b5ca13df54e3ca92f29d6b403fb6285d8df\\cli-2.0.0-all.jar
Launcher Type: SUN_STANDARD

[Global flags]
     intx CICompilerCount                          = 3                                         {product} {ergonomic}
     uint ConcGCThreads                            = 1                                         {product} {ergonomic}
     uint G1ConcRefinementThreads                  = 4                                         {product} {ergonomic}
   size_t G1HeapRegionSize                         = 1048576                                   {product} {ergonomic}
    uintx GCDrainStackTargetSize                   = 64                                        {product} {ergonomic}
   size_t InitialHeapSize                          = 100663296                                 {product} {ergonomic}
   size_t MarkStackSize                            = 4194304                                   {product} {ergonomic}
   size_t MaxHeapSize                              = 1593835520                                {product} {ergonomic}
   size_t MinHeapDeltaBytes                        = 1048576                                   {product} {ergonomic}
   size_t MinHeapSize                              = 8388608                                   {product} {ergonomic}
    uintx NonNMethodCodeHeapSize                   = 5832780                                {pd product} {ergonomic}
    uintx NonProfiledCodeHeapSize                  = 122912730                              {pd product} {ergonomic}
    uintx ProfiledCodeHeapSize                     = 122912730                              {pd product} {ergonomic}
    uintx ReservedCodeCacheSize                    = 251658240                              {pd product} {ergonomic}
     bool SegmentedCodeCache                       = true                                      {product} {ergonomic}
   size_t SoftMaxHeapSize                          = 1593835520                             {manageable} {ergonomic}
     bool UseCompressedClassPointers               = true                           {product lp64_product} {ergonomic}
     bool UseCompressedOops                        = true                           {product lp64_product} {ergonomic}
     bool UseG1GC                                  = true                                      {product} {ergonomic}
     bool UseLargePagesIndividualAllocation        = false                                  {pd product} {ergonomic}

Logging:
Log output configuration:
 #0: stdout all=warning uptime,level,tags
 #1: stderr all=off uptime,level,tags

Environment Variables:
JAVA_HOME=C:\Program Files\Microsoft\jdk-17.0.11.9-hotspot\
CLASSPATH=D:\pijarcamp\peworld\mobile\android\\gradle\wrapper\gradle-wrapper.jar
PATH=D:\pijarcamp\peworld\mobile\node_modules\.bin;D:\pijarcamp\peworld\mobile\node_modules\.bin;D:\pijarcamp\peworld\node_modules\.bin;D:\pijarcamp\node_modules\.bin;D:\node_modules\.bin;C:\Program Files\nodejs\node_modules\npm\node_modules\@npmcli\run-script\lib\node-gyp-bin;D:\pijarcamp\peworld\mobile\node_modules\.bin;D:\pijarcamp\peworld\node_modules\.bin;D:\pijarcamp\node_modules\.bin;D:\node_modules\.bin;C:\Program Files\nodejs\node_modules\npm\node_modules\@npmcli\run-script\lib\node-gyp-bin;C:\Program Files\Microsoft\jdk-17.0.11.9-hotspot\bin;C:\WINDOWS\system32;C:\WINDOWS;C:\WINDOWS\System32\Wbem;C:\WINDOWS\System32\WindowsPowerShell\v1.0\;C:\WINDOWS\System32\OpenSSH\;C:\Program Files\nodejs\;C:\Program Files\Git\cmd;C:\Program Files\PostgreSQL\16\bin;C:\Program Files\Redis;C:\ProgramData\chocolatey\bin;C:\Users\naufa\AppData\Local\Android\Sdk\tools;C:\Users\naufa\AppData\Local\Microsoft\WindowsApps;C:\Users\naufa\AppData\Local\Programs\Microsoft VS Code\bin;C:\Users\naufa\AppData\Roaming\npm;C:\Users\naufa\AppData\Local\Android\Sdk\platform-tools;
USERNAME=naufandarmawan
LANG=en_US.UTF-8
OS=Windows_NT
PROCESSOR_IDENTIFIER=AMD64 Family 23 Model 24 Stepping 1, AuthenticAMD
TMP=C:\Users\naufa\AppData\Local\Temp
TEMP=C:\Users\naufa\AppData\Local\Temp



Periodic native trim disabled


---------------  S Y S T E M  ---------------

OS:
 Windows 11 , 64 bit Build 22621 (10.0.22621.3672)
OS uptime: 21 days 3:31 hours
Hyper-V role detected

CPU: total 4 (initial active 4) (4 cores per cpu, 2 threads per core) family 23 model 24 stepping 1 microcode 0x0, cx8, cmov, fxsr, ht, mmx, 3dnowpref, sse, sse2, sse3, ssse3, sse4a, sse4.1, sse4.2, popcnt, lzcnt, tsc, tscinvbit, avx, avx2, aes, clmul, bmi1, bmi2, adx, sha, fma, vzeroupper, clflush, clflushopt, hv
Processor Information for all 4 processors :
  Max Mhz: 2600, Current Mhz: 2600, Mhz Limit: 2600

Memory: 4k page, system-wide physical 6078M (68M free)
TotalPageFile size 21694M (AvailPageFile size 88M)
current process WorkingSet (physical memory assigned to process): 10M, peak: 10M
current process commit charge ("private bytes"): 52M, peak: 147M

vm_info: OpenJDK 64-Bit Server VM (17.0.11+9-LTS) for windows-amd64 JRE (17.0.11+9-LTS), built on Apr  9 2024 22:05:54 by "MicrosoftCorporation" with MS VC++ 16.10 / 16.11 (VS2019)

END.
